This is e-pTeX, Version 3.141592653-p3.9.0-210218-2.6 (utf8.euc) (TeX Live 2021) (preloaded format=platex 2022.2.10)  7 JAN 2023 06:03
entering extended mode
 restricted \write18 enabled.
 file:line:error style messages enabled.
 %&-line parsing enabled.
**equation.tex
(./equation.tex
pLaTeX2e <2020-10-01>+2 (based on LaTeX2e <2020-10-01> patch level 4)
L3 programming layer <2021-02-18>
(/usr/local/texlive/2021/texmf-dist/tex/latex/base/article.cls
Document Class: article 2020/04/10 v1.4m Standard LaTeX document class
(/usr/local/texlive/2021/texmf-dist/tex/latex/base/size11.clo
File: size11.clo 2020/04/10 v1.4m Standard LaTeX file (size option)
)
\c@part=\count178
\c@section=\count179
\c@subsection=\count180
\c@subsubsection=\count181
\c@paragraph=\count182
\c@subparagraph=\count183
\c@figure=\count184
\c@table=\count185
\abovecaptionskip=\skip47
\belowcaptionskip=\skip48
\bibindent=\dimen154
)
(/usr/local/texlive/2021/texmf-dist/tex/latex/geometry/geometry.sty
Package: geometry 2020/01/02 v5.9 Page Geometry

(/usr/local/texlive/2021/texmf-dist/tex/latex/graphics/keyval.sty
Package: keyval 2014/10/28 v1.15 key=value parser (DPC)
\KV@toks@=\toks16
)
(/usr/local/texlive/2021/texmf-dist/tex/generic/iftex/ifvtex.sty
Package: ifvtex 2019/10/25 v1.7 ifvtex legacy package. Use iftex instead.

(/usr/local/texlive/2021/texmf-dist/tex/generic/iftex/iftex.sty
Package: iftex 2020/03/06 v1.0d TeX engine tests
))
\Gm@cnth=\count186
\Gm@cntv=\count187
\c@Gm@tempcnt=\count188
\Gm@bindingoffset=\dimen155
\Gm@wd@mp=\dimen156
\Gm@odd@mp=\dimen157
\Gm@even@mp=\dimen158
\Gm@layoutwidth=\dimen159
\Gm@layoutheight=\dimen160
\Gm@layouthoffset=\dimen161
\Gm@layoutvoffset=\dimen162
\Gm@dimlist=\toks17
)
(/usr/local/texlive/2021/texmf-dist/tex/latex/graphics/graphicx.sty
Package: graphicx 2020/09/09 v1.2b Enhanced LaTeX Graphics (DPC,SPQR)

(/usr/local/texlive/2021/texmf-dist/tex/latex/graphics/graphics.sty
Package: graphics 2020/08/30 v1.4c Standard LaTeX Graphics (DPC,SPQR)

(/usr/local/texlive/2021/texmf-dist/tex/latex/graphics/trig.sty
Package: trig 2016/01/03 v1.10 sin cos tan (DPC)
)
(/usr/local/texlive/2021/texmf-dist/tex/latex/graphics-cfg/graphics.cfg
File: graphics.cfg 2016/06/04 v1.11 sample graphics configuration
)
Package graphics Info: Driver file: dvips.def on input line 105.

(/usr/local/texlive/2021/texmf-dist/tex/latex/graphics-def/dvips.def
File: dvips.def 2017/06/20 v3.1d Graphics/color driver for dvips
))
\Gin@req@height=\dimen163
\Gin@req@width=\dimen164
)
(/usr/local/texlive/2021/texmf-dist/tex/latex/amsfonts/amssymb.sty
Package: amssymb 2013/01/14 v3.01 AMS font symbols

(/usr/local/texlive/2021/texmf-dist/tex/latex/amsfonts/amsfonts.sty
Package: amsfonts 2013/01/14 v3.01 Basic AMSFonts support
\@emptytoks=\toks18
\symAMSa=\mathgroup4
\symAMSb=\mathgroup5
LaTeX Font Info:    Redeclaring math symbol \hbar on input line 98.
LaTeX Font Info:    Overwriting math alphabet `\mathfrak' in version `bold'
(Font)                  U/euf/m/n --> U/euf/b/n on input line 106.
))
(/usr/local/texlive/2021/texmf-dist/tex/latex/l3backend/l3backend-dvips.def
File: l3backend-dvips.def 2021-03-18 L3 backend support: dvips
\l__pdf_internal_box=\box64
\g__pdf_backend_object_int=\count189
\l__pdf_backend_content_box=\box65
\l__pdf_backend_model_box=\box66
\g__pdf_backend_annotation_int=\count190
\g__pdf_backend_link_int=\count191
\g__pdf_backend_link_sf_int=\count192
)
(./equation.aux)
\openout1 = `equation.aux'.

LaTeX Font Info:    Checking defaults for OML/cmm/m/it on input line 19.
LaTeX Font Info:    ... okay on input line 19.
LaTeX Font Info:    Checking defaults for OMS/cmsy/m/n on input line 19.
LaTeX Font Info:    ... okay on input line 19.
LaTeX Font Info:    Checking defaults for OT1/cmr/m/n on input line 19.
LaTeX Font Info:    ... okay on input line 19.
LaTeX Font Info:    Checking defaults for T1/cmr/m/n on input line 19.
LaTeX Font Info:    ... okay on input line 19.
LaTeX Font Info:    Checking defaults for TS1/cmr/m/n on input line 19.
LaTeX Font Info:    ... okay on input line 19.
LaTeX Font Info:    Checking defaults for OMX/cmex/m/n on input line 19.
LaTeX Font Info:    ... okay on input line 19.
LaTeX Font Info:    Checking defaults for U/cmr/m/n on input line 19.
LaTeX Font Info:    ... okay on input line 19.
LaTeX Font Info:    Checking defaults for JY1/mc/m/n on input line 19.
LaTeX Font Info:    ... okay on input line 19.
LaTeX Font Info:    Checking defaults for JT1/mc/m/n on input line 19.
LaTeX Font Info:    ... okay on input line 19.

*geometry* driver: auto-detecting
*geometry* detected driver: dvips
*geometry* verbose mode - [ preamble ] result:
* driver: dvips
* paper: letterpaper
* layout: <same size as paper>
* layoutoffset:(h,v)=(0.0pt,0.0pt)
* modes: 
* h-part:(L,W,R)=(92.14519pt, 430.00462pt, 92.14519pt)
* v-part:(T,H,B)=(95.39737pt, 556.47656pt, 143.09605pt)
* \paperwidth=614.295pt
* \paperheight=794.96999pt
* \textwidth=430.00462pt
* \textheight=556.47656pt
* \oddsidemargin=19.8752pt
* \evensidemargin=19.8752pt
* \topmargin=-13.87262pt
* \headheight=12.0pt
* \headsep=25.0pt
* \topskip=11.0pt
* \footskip=30.0pt
* \marginparwidth=59.0pt
* \marginparsep=10.0pt
* \columnsep=10.0pt
* \skip\footins=10.0pt plus 4.0pt minus 2.0pt
* \hoffset=0.0pt
* \voffset=0.0pt
* \mag=1000
* \@twocolumnfalse
* \@twosidefalse
* \@mparswitchfalse
* \@reversemarginfalse
* (1in=72.27pt=25.4mm, 1cm=28.453pt)

LaTeX Font Info:    Trying to load font information for U+msa on input line 20.

(/usr/local/texlive/2021/texmf-dist/tex/latex/amsfonts/umsa.fd
File: umsa.fd 2013/01/14 v3.01 AMS symbols A
)
LaTeX Font Info:    Trying to load font information for U+msb on input line 20.


(/usr/local/texlive/2021/texmf-dist/tex/latex/amsfonts/umsb.fd
File: umsb.fd 2013/01/14 v3.01 AMS symbols B
)
LaTeX Font Info:    Font shape `JT1/mc/bx/n' in size <14.4> not available
(Font)              Font shape `JT1/gt/m/n' tried instead on input line 21.
LaTeX Font Info:    Font shape `JY1/mc/bx/n' in size <14.4> not available
(Font)              Font shape `JY1/gt/m/n' tried instead on input line 21.
LaTeX Font Info:    Font shape `JT1/mc/bx/n' in size <12> not available
(Font)              Font shape `JT1/gt/m/n' tried instead on input line 22.
LaTeX Font Info:    Font shape `JY1/mc/bx/n' in size <12> not available
(Font)              Font shape `JY1/gt/m/n' tried instead on input line 22.

Overfull \hbox (118.19087pt too wide) detected at line 38
[] [] \OT1/cmr/m/n/10.95 + [] [] + [] [] \OMS/cmsy/m/n/10.95 ^^@ \OML/cmm/m/it/
10.95 v[][]\OT1/cmr/m/n/10.95 (\OML/cmm/m/it/10.95 p[] \OT1/cmr/m/n/10.95 + \OM
L/cmm/m/it/10.95 p[]\OT1/cmr/m/n/10.95 ) \OMS/cmsy/m/n/10.95 ^^@ \OML/cmm/m/it/
10.95 v[][]\OT1/cmr/m/n/10.95 (\OML/cmm/m/it/10.95 p[] \OT1/cmr/m/n/10.95 + \OM
L/cmm/m/it/10.95 p[]\OT1/cmr/m/n/10.95 ) = \OML/cmm/m/it/10.95 q[] \OMS/cmsy/m/
n/10.95 ^^@ \OML/cmm/m/it/10.95 q[];
 []

[1

] [2] [3]
Overfull \hbox (9.23535pt too wide) detected at line 192
[] \OT1/cmr/m/n/10.95 = \OMS/cmsy/m/n/10.95 ^^@[] ^^@ [][]\OML/cmm/m/it/10.95 r
[]\OT1/cmr/m/n/10.95 (\OML/cmm/m/it/10.95 ^^\ \OT1/cmr/m/n/10.95 + [])[] \OMS/c
msy/m/n/10.95 ^^@ []\OML/cmm/m/it/10.95 r[]\OT1/cmr/m/n/10.95 (\OML/cmm/m/it/10
.95 ^^\ \OT1/cmr/m/n/10.95 + [])[] \OMS/cmsy/m/n/10.95 ^^@ [][]\OML/cmm/m/it/10
.95 r[]\OT1/cmr/m/n/10.95 (\OML/cmm/m/it/10.95 ^^\ \OT1/cmr/m/n/10.95 + [])[]
 []

[4]
Overfull \hbox (14.28975pt too wide) detected at line 201
[] \OT1/cmr/m/n/10.95 = \OMS/cmsy/m/n/10.95 ^^@[][]\OT1/cmr/m/n/10.95 ^^F \OMS/
cmsy/m/n/10.95 ^^@ [][]\OML/cmm/m/it/10.95 r[]\OT1/cmr/m/n/10.95 (\OML/cmm/m/it
/10.95 ^^\ \OT1/cmr/m/n/10.95 + [])[] \OMS/cmsy/m/n/10.95 ^^@ []\OML/cmm/m/it/1
0.95 r[]\OT1/cmr/m/n/10.95 (\OML/cmm/m/it/10.95 ^^\ \OT1/cmr/m/n/10.95 + [])[] 
\OMS/cmsy/m/n/10.95 ^^@ [][]\OML/cmm/m/it/10.95 r[]\OT1/cmr/m/n/10.95 (\OML/cmm
/m/it/10.95 ^^\ \OT1/cmr/m/n/10.95 + [])[]
 []

[5] (./equation.aux) ) 
Here is how much of TeX's memory you used:
 1829 strings out of 479466
 25750 string characters out of 5870548
 340236 words of memory out of 5000000
 19549 multiletter control sequences out of 15000+600000
 416557 words of font info for 80 fonts, out of 8000000 for 9000
 929 hyphenation exceptions out of 8191
 68i,6n,74p,443b,257s stack positions out of 5000i,500n,10000p,200000b,80000s

Output written on equation.dvi (5 pages, 20644 bytes).
